<?xml version="1.0" encoding="UTF-8"?>
<!-- Generated by org.testng.reporters.JUnitXMLReporter -->
<testsuite ignored="10" hostname="DESKTOP-IB7CFDB" failures="1" tests="7" name="WebFirefoxTest" time="337.901" errors="0" timestamp="2021-06-22T22:26:56 AEST">
  <testcase classname="webtests.TC02_HomePage" name="verifyHomePageHeader" time="61.344"/>
  <testcase classname="webtests.TC01_WelcomePage" name="verifyWelcomePageTitle" time="0.067"/>
  <testcase classname="webtests.TC02_HomePage" name="verifyAllBattleFieldsPresent" time="60.091"/>
  <testcase classname="webtests.TC02_HomePage" name="verifyBattleFieldTakeTheBusCanBeAccessed" time="60.049"/>
  <testcase classname="webtests.TC02_HomePage" name="verifyBattleFieldGoToPublicPlaceCanBeAccessed" time="60.074"/>
  <testcase classname="webtests.TC01_WelcomePage" name="verifyStartJourneyOfAHero" time="15.447">
    <failure type="java.lang.AssertionError" message="expected [Choose your battle field Web SK cmd] but found [Choose your battle field Web SK zsj]">
      <![CDATA[java.lang.AssertionError: expected [Choose your battle field Web SK cmd] but found [Choose your battle field Web SK zsj]
at org.testng.Assert.fail(Assert.java:99)
at org.testng.Assert.failNotEquals(Assert.java:1037)
at org.testng.Assert.assertEqualsImpl(Assert.java:140)
at org.testng.Assert.assertEquals(Assert.java:122)
at org.testng.Assert.assertEquals(Assert.java:629)
at org.testng.Assert.assertEquals(Assert.java:639)
at webtests.TC01_WelcomePage.verifyStartJourneyOfAHero(TC01_WelcomePage.java:131)
at java.base/jdk.internal.reflect.NativeMethodAccessorImpl.invoke0(Native Method)
at java.base/jdk.internal.reflect.NativeMethodAccessorImpl.invoke(NativeMethodAccessorImpl.java:64)
at java.base/jdk.internal.reflect.DelegatingMethodAccessorImpl.invoke(DelegatingMethodAccessorImpl.java:43)
at java.base/java.lang.reflect.Method.invoke(Method.java:564)
at org.testng.internal.MethodInvocationHelper.invokeMethod(MethodInvocationHelper.java:133)
at org.testng.internal.TestInvoker.invokeMethod(TestInvoker.java:598)
at org.testng.internal.TestInvoker.invokeTestMethod(TestInvoker.java:173)
at org.testng.internal.MethodRunner.runInSequence(MethodRunner.java:46)
at org.testng.internal.TestInvoker$MethodInvocationAgent.invoke(TestInvoker.java:824)
at org.testng.internal.TestInvoker.invokeTestMethods(TestInvoker.java:146)
at org.testng.internal.TestMethodWorker.invokeTestMethods(TestMethodWorker.java:146)
at org.testng.internal.TestMethodWorker.run(TestMethodWorker.java:128)
at java.base/java.util.ArrayList.forEach(ArrayList.java:1511)
at org.testng.TestRunner.privateRun(TestRunner.java:794)
at org.testng.TestRunner.run(TestRunner.java:596)
at org.testng.SuiteRunner.runTest(SuiteRunner.java:377)
at org.testng.SuiteRunner.access$000(SuiteRunner.java:28)
at org.testng.SuiteRunner$SuiteWorker.run(SuiteRunner.java:418)
at org.testng.internal.thread.ThreadUtil.lambda$execute$0(ThreadUtil.java:64)
at java.base/java.util.concurrent.FutureTask.run(FutureTask.java:264)
at java.base/java.util.concurrent.ThreadPoolExecutor.runWorker(ThreadPoolExecutor.java:1130)
at java.base/java.util.concurrent.ThreadPoolExecutor$Worker.run(ThreadPoolExecutor.java:630)
at java.base/java.lang.Thread.run(Thread.java:832)
]]>
    </failure>
  </testcase> <!-- verifyStartJourneyOfAHero -->
  <testcase classname="webtests.TC02_HomePage" name="verifyBattleFieldGoToOfficeCanBeAccessed" time="60.045"/>
  <testcase classname="webtests.TC05_BattleGoToOffice" name="verifyGoToOfficeBattleField" time="0.0">
    <ignored/>
  </testcase> <!-- verifyGoToOfficeBattleField -->
  <testcase classname="webtests.TC01_WelcomePage" name="verifySuccessfulCreationOfWarrior" time="0.0">
    <ignored/>
  </testcase> <!-- verifySuccessfulCreationOfWarrior -->
  <testcase classname="webtests.TC04_BattleGoToPublicPlace" name="verifyTheGoToPublicPlaceBattle" time="0.0">
    <ignored/>
  </testcase> <!-- verifyTheGoToPublicPlaceBattle -->
  <testcase classname="webtests.TC03_BattleTakeABus" name="verifyTheTakeTheBusBattleField" time="0.0">
    <ignored/>
  </testcase> <!-- verifyTheTakeTheBusBattleField -->
  <testcase classname="webtests.TC03_BattleTakeABus" name="verifyTimeUpModalTakeTheBusBattleField" time="0.0">
    <ignored/>
  </testcase> <!-- verifyTimeUpModalTakeTheBusBattleField -->
  <testcase classname="webtests.TC01_WelcomePage" name="verifySuccessfulCreationOfWarriorAsGuest" time="0.0">
    <ignored/>
  </testcase> <!-- verifySuccessfulCreationOfWarriorAsGuest -->
  <testcase classname="webtests.TC01_WelcomePage" name="verifyWelcomePageHeader" time="0.0">
    <ignored/>
  </testcase> <!-- verifyWelcomePageHeader -->
  <testcase classname="webtests.TC02_HomePage" name="verifyAllHomePageTickerItemsPresent" time="0.0">
    <ignored/>
  </testcase> <!-- verifyAllHomePageTickerItemsPresent -->
  <testcase classname="webtests.TC06_LeaderBoard" name="answerManyQAndCheckLeaderBoard" time="0.0">
    <ignored/>
  </testcase> <!-- answerManyQAndCheckLeaderBoard -->
  <testcase classname="webtests.TC06_LeaderBoard" name="answerSingleQAndCheckLeaderBoard" time="0.0">
    <ignored/>
  </testcase> <!-- answerSingleQAndCheckLeaderBoard -->
</testsuite> <!-- WebFirefoxTest -->
